SF:lib/widget/direction_panel.dart
DA:10,2
DA:12,2
DA:14,2
DA:24,2
DA:26,2
DA:27,2
DA:28,2
DA:29,2
DA:30,2
DA:32,0
DA:33,0
DA:34,2
DA:36,4
DA:37,2
DA:38,2
DA:39,2
DA:40,2
DA:41,2
DA:44,2
DA:45,4
DA:46,2
DA:47,2
DA:48,6
DA:49,2
DA:52,2
DA:53,2
DA:54,0
DA:56,0
DA:57,0
DA:58,0
DA:66,2
DA:71,0
DA:72,0
DA:74,0
DA:75,0
DA:76,0
DA:78,0
DA:80,0
DA:81,0
DA:83,0
DA:84,0
DA:85,0
DA:86,0
DA:87,0
DA:90,0
DA:91,0
DA:94,0
DA:97,0
DA:107,1
DA:108,2
DA:109,2
DA:110,2
DA:111,2
DA:115,1
DA:116,2
DA:117,1
DA:118,1
DA:121,2
DA:122,1
DA:123,1
DA:126,2
DA:127,1
DA:128,1
DA:131,2
DA:132,1
DA:133,1
DA:136,1
DA:137,1
DA:142,1
DA:143,2
DA:144,1
DA:145,2
DA:146,1
DA:147,2
DA:148,1
DA:149,2
DA:150,1
DA:151,1
DA:154,3
DA:155,3
DA:156,1
DA:157,3
DA:158,1
DA:159,3
DA:160,1
DA:161,4
DA:162,3
LF:87
LH:64
end_of_record
SF:lib/service/map_constant.dart
DA:22,18
DA:23,17
DA:24,17
DA:25,17
DA:26,17
DA:27,17
LF:6
LH:6
end_of_record
SF:lib/data/data_points.dart
DA:3,3
DA:5,3
DA:6,6
DA:7,6
DA:8,6
DA:9,6
DA:10,6
DA:11,6
DA:12,6
DA:13,6
DA:14,6
DA:15,6
DA:16,6
DA:17,6
DA:18,6
DA:19,6
DA:20,6
DA:21,6
DA:22,6
DA:23,6
DA:24,6
DA:26,3
DA:27,6
DA:28,6
DA:29,6
DA:30,6
DA:31,6
DA:32,6
DA:33,6
DA:34,6
DA:35,6
DA:36,6
DA:37,6
DA:38,6
DA:39,6
DA:41,3
DA:42,6
DA:43,6
DA:44,6
DA:45,6
DA:46,6
DA:47,6
DA:48,6
DA:49,6
DA:50,6
DA:51,6
DA:52,6
DA:53,6
DA:54,6
DA:55,6
DA:57,3
DA:58,6
DA:59,6
DA:60,6
DA:61,6
DA:62,6
DA:63,6
DA:64,6
DA:65,6
DA:66,6
DA:67,6
DA:68,6
DA:69,6
DA:70,6
DA:71,6
DA:72,6
DA:73,6
DA:74,6
DA:75,6
DA:76,6
DA:77,6
DA:78,6
DA:79,6
DA:80,6
DA:81,6
DA:82,6
DA:83,6
DA:84,6
DA:85,6
DA:86,6
DA:87,6
DA:88,6
DA:89,6
DA:90,6
DA:91,6
DA:92,6
DA:93,6
DA:94,6
DA:96,3
DA:97,6
DA:98,6
DA:99,6
DA:100,6
DA:101,6
DA:102,6
DA:103,6
DA:107,3
DA:108,6
DA:109,6
DA:110,6
DA:111,6
DA:112,6
DA:113,6
DA:114,6
DA:115,6
DA:116,6
DA:117,6
DA:118,6
DA:119,6
DA:120,6
DA:121,6
DA:122,6
DA:123,6
DA:124,6
DA:125,6
DA:126,6
DA:127,6
DA:128,6
DA:129,6
DA:130,6
DA:131,6
DA:132,6
DA:133,6
DA:134,6
DA:135,6
DA:136,6
DA:137,6
DA:138,6
DA:139,6
DA:140,6
DA:141,6
DA:142,6
DA:143,6
DA:144,6
DA:145,6
DA:146,6
DA:147,6
DA:148,6
DA:149,6
DA:150,6
DA:151,6
DA:152,6
DA:153,6
DA:154,6
DA:155,6
DA:156,6
DA:157,6
DA:158,6
DA:159,6
DA:160,6
DA:161,6
DA:162,6
DA:163,6
DA:164,6
DA:165,6
DA:167,3
DA:168,6
DA:169,6
DA:170,6
DA:171,6
DA:172,6
DA:173,6
DA:174,6
DA:175,6
DA:176,6
DA:177,6
DA:178,6
DA:179,6
DA:180,6
DA:181,6
DA:182,6
DA:183,6
DA:184,6
DA:185,6
DA:186,6
DA:187,6
DA:188,6
DA:189,6
DA:190,6
DA:191,6
DA:192,6
DA:193,6
DA:194,6
DA:195,6
DA:196,6
DA:197,6
DA:198,6
DA:199,6
DA:200,6
DA:201,6
DA:202,6
DA:203,6
DA:204,6
DA:205,6
DA:206,6
DA:207,6
DA:208,6
DA:209,6
DA:210,6
DA:211,6
DA:212,6
DA:213,6
DA:214,6
DA:215,6
DA:216,6
DA:217,6
DA:218,6
DA:219,6
DA:220,6
DA:221,6
DA:222,6
DA:223,6
DA:224,6
DA:225,6
DA:226,6
DA:227,6
DA:228,6
DA:229,6
DA:230,6
DA:231,6
DA:232,6
DA:233,6
DA:234,6
DA:235,6
DA:236,6
DA:237,6
DA:238,6
DA:239,6
DA:240,6
DA:241,6
DA:242,6
DA:243,6
DA:245,3
DA:246,6
DA:247,6
DA:248,6
DA:249,6
DA:250,6
DA:251,6
DA:252,6
DA:253,6
DA:254,6
DA:255,6
DA:256,6
DA:257,6
DA:258,6
DA:259,6
DA:260,6
DA:261,6
DA:262,6
DA:263,6
DA:264,6
DA:265,6
DA:266,6
DA:267,6
DA:268,6
DA:269,6
DA:270,6
DA:271,6
DA:272,6
DA:273,6
DA:274,6
DA:275,6
DA:276,6
DA:277,6
DA:278,6
DA:280,3
DA:281,6
DA:282,6
DA:283,6
DA:284,6
DA:285,6
DA:286,6
DA:287,6
DA:288,6
DA:289,6
DA:290,6
DA:291,6
DA:292,6
DA:293,6
DA:294,6
DA:295,6
DA:296,6
DA:297,6
DA:298,6
DA:299,6
DA:300,6
DA:301,6
DA:302,6
DA:303,6
DA:304,6
DA:305,6
DA:306,6
DA:307,6
DA:308,6
DA:309,6
DA:310,6
DA:311,6
DA:312,6
DA:314,3
DA:315,6
DA:316,6
DA:317,6
DA:318,6
DA:319,6
DA:320,6
DA:321,6
DA:322,6
DA:323,6
DA:324,6
DA:325,6
DA:326,6
DA:327,6
DA:328,6
DA:329,6
DA:330,6
DA:331,6
DA:332,6
DA:333,6
DA:334,6
DA:335,6
DA:336,6
DA:337,6
DA:338,6
DA:339,6
DA:340,6
DA:341,6
DA:342,6
DA:343,6
DA:345,3
DA:346,6
DA:347,6
DA:348,6
DA:349,6
DA:350,6
DA:351,6
DA:352,6
DA:353,6
DA:354,6
DA:355,6
DA:356,6
DA:357,6
DA:358,6
DA:359,6
DA:360,6
DA:361,6
DA:362,6
DA:363,6
DA:364,6
DA:365,6
DA:366,6
DA:367,6
DA:368,6
DA:369,6
DA:370,6
DA:371,6
DA:372,6
DA:373,6
DA:374,6
DA:375,6
DA:376,6
DA:377,6
DA:378,6
DA:379,6
DA:380,6
DA:381,6
DA:382,6
DA:383,6
DA:384,6
DA:385,6
DA:386,6
DA:387,6
DA:388,6
DA:389,6
DA:390,6
DA:391,6
DA:392,6
DA:393,6
DA:394,6
DA:395,6
DA:396,6
DA:397,6
DA:398,6
DA:399,6
DA:400,6
DA:401,6
DA:402,6
DA:403,6
DA:404,6
DA:405,6
DA:406,6
DA:407,6
DA:408,6
DA:409,6
DA:410,6
DA:411,6
DA:412,6
DA:413,6
DA:414,6
DA:415,6
DA:416,6
DA:417,6
DA:418,6
DA:419,6
DA:420,6
DA:421,6
DA:422,6
DA:423,6
DA:424,6
DA:425,6
DA:426,6
DA:427,6
DA:428,6
DA:429,6
DA:430,6
DA:431,6
DA:432,6
DA:433,6
DA:434,6
DA:435,6
DA:436,6
DA:437,6
DA:438,6
DA:439,6
DA:440,6
DA:441,6
DA:442,6
DA:443,6
DA:444,6
DA:445,6
DA:446,6
DA:447,6
DA:448,6
DA:449,6
DA:450,6
DA:451,6
DA:452,6
DA:453,6
DA:454,6
DA:455,6
DA:456,6
DA:457,6
DA:458,6
DA:459,6
DA:460,6
DA:461,6
DA:462,6
DA:463,6
DA:464,6
DA:465,6
DA:466,6
DA:467,6
DA:469,3
DA:470,6
DA:471,6
DA:472,6
DA:473,6
DA:474,6
DA:475,6
DA:476,6
DA:477,6
DA:478,6
DA:479,6
DA:480,6
DA:481,6
DA:482,6
DA:483,6
DA:484,6
DA:485,6
DA:486,6
DA:487,6
DA:488,6
DA:489,6
DA:490,6
DA:494,9
DA:496,3
DA:497,6
DA:498,6
DA:499,6
DA:500,6
DA:501,6
DA:502,6
DA:503,6
DA:504,6
DA:505,6
DA:507,3
DA:508,6
DA:509,6
DA:510,6
DA:511,6
DA:512,6
DA:513,6
DA:514,6
DA:515,6
DA:516,6
DA:517,6
DA:518,6
DA:519,6
DA:520,6
DA:521,6
DA:522,6
DA:523,6
DA:524,6
DA:526,3
DA:527,6
DA:528,6
DA:529,6
DA:530,6
DA:531,6
DA:532,6
DA:533,6
DA:535,3
DA:536,6
DA:537,6
DA:538,6
DA:539,6
DA:540,6
DA:541,6
DA:542,6
DA:543,6
DA:544,6
DA:546,3
DA:547,6
DA:548,6
DA:549,6
DA:550,6
DA:551,6
DA:552,6
DA:553,6
DA:554,6
DA:555,6
DA:556,6
DA:557,6
DA:558,6
DA:559,6
DA:560,6
DA:561,6
DA:562,6
DA:563,6
DA:564,6
DA:565,6
DA:569,3
DA:570,6
DA:571,6
DA:572,6
DA:573,6
DA:574,6
DA:575,6
DA:577,3
DA:578,6
DA:579,6
DA:580,6
DA:581,6
DA:582,6
DA:583,6
DA:584,6
DA:585,6
DA:586,6
DA:587,6
DA:588,6
DA:590,3
DA:591,6
DA:592,6
DA:593,6
DA:594,6
DA:595,6
DA:596,6
DA:597,6
DA:598,6
DA:599,6
DA:601,3
DA:602,6
DA:603,6
DA:604,6
DA:605,6
DA:606,6
DA:607,6
DA:609,3
DA:610,6
DA:611,6
DA:612,6
DA:613,6
DA:614,6
DA:615,6
DA:616,6
DA:617,6
DA:618,6
DA:619,6
DA:620,6
DA:621,6
DA:622,6
DA:624,3
DA:625,6
DA:626,6
DA:627,6
DA:628,6
DA:629,6
DA:630,6
DA:631,6
DA:632,6
DA:633,6
DA:634,6
DA:635,6
DA:636,6
DA:637,6
DA:638,6
DA:639,6
DA:640,6
DA:641,6
DA:642,6
DA:643,6
DA:644,6
DA:645,6
DA:646,6
DA:647,6
DA:649,3
DA:650,6
DA:651,6
DA:652,6
DA:653,6
DA:654,6
DA:655,6
DA:656,6
DA:657,6
DA:658,6
DA:659,6
DA:660,6
DA:661,6
DA:663,3
DA:664,6
DA:665,6
DA:666,6
DA:667,6
DA:668,6
DA:669,6
DA:670,6
DA:675,6
DA:677,4
DA:679,4
DA:681,4
DA:683,4
DA:685,4
DA:687,4
DA:689,4
DA:691,4
DA:693,4
DA:695,4
DA:697,4
DA:699,4
DA:701,4
DA:703,4
DA:705,4
DA:707,4
DA:709,4
DA:711,4
DA:713,4
DA:715,4
DA:717,4
DA:719,4
DA:721,4
DA:723,4
DA:725,4
DA:727,4
DA:729,4
DA:731,4
DA:733,4
DA:735,4
DA:737,4
DA:739,4
DA:741,4
DA:743,4
DA:745,4
DA:747,4
DA:749,4
DA:751,4
DA:753,4
DA:755,4
DA:757,4
DA:759,4
DA:761,4
DA:763,4
DA:765,4
DA:767,4
DA:769,4
DA:771,4
DA:773,4
DA:775,4
DA:777,4
DA:779,4
DA:781,4
DA:783,4
DA:785,4
DA:787,4
DA:789,4
DA:791,4
DA:793,4
DA:795,4
DA:797,4
DA:801,4
DA:803,4
DA:805,4
DA:807,4
DA:809,4
DA:811,4
DA:813,4
DA:815,4
DA:817,4
DA:819,4
DA:821,4
DA:823,4
DA:825,4
DA:827,4
DA:829,4
DA:831,4
DA:833,4
DA:835,4
DA:837,4
DA:839,4
DA:841,4
DA:843,4
DA:845,4
DA:847,4
DA:849,4
DA:851,4
DA:853,4
DA:855,4
DA:857,4
DA:859,4
DA:861,4
DA:863,4
DA:865,4
DA:867,4
DA:869,4
DA:871,4
DA:873,4
DA:875,4
DA:880,3
DA:881,2
DA:882,2
DA:885,0
LF:740
LH:739
end_of_record
SF:lib/model/coordinate.dart
DA:13,11
DA:15,11
DA:17,6
DA:18,12
DA:19,6
DA:24,18
DA:25,12
DA:26,10
DA:27,2
DA:28,2
DA:29,6
DA:30,6
DA:32,0
DA:33,5
DA:34,5
DA:37,6
DA:38,24
DA:40,1
DA:42,1
DA:46,2
DA:47,1
DA:56,6
DA:57,18
DA:61,9
DA:62,18
DA:64,9
DA:67,8
DA:68,24
DA:69,24
DA:70,6
DA:71,6
DA:72,3
DA:73,3
DA:74,3
DA:75,3
DA:76,3
DA:78,8
DA:79,16
DA:85,7
DA:87,7
DA:89,7
DA:92,8
DA:94,0
DA:95,0
DA:101,5
DA:103,5
DA:105,5
DA:108,10
DA:110,0
DA:112,5
DA:113,10
LF:51
LH:47
end_of_record
SF:lib/model/direction.dart
DA:4,1
DA:6,0
DA:7,0
DA:8,0
DA:9,0
DA:10,0
DA:15,1
DA:16,1
DA:17,1
DA:18,6
DA:32,1
DA:40,1
DA:41,2
DA:42,1
DA:43,2
DA:44,3
DA:45,3
DA:48,2
DA:49,2
DA:51,2
DA:52,2
DA:54,2
DA:55,2
DA:58,1
DA:59,1
DA:60,2
DA:61,1
DA:62,6
DA:64,1
DA:65,3
DA:67,1
DA:68,3
DA:70,2
DA:71,2
DA:81,1
DA:83,1
DA:84,1
DA:85,2
DA:86,3
DA:87,3
DA:90,1
DA:91,1
DA:92,3
DA:94,1
DA:95,1
DA:96,3
DA:100,1
DA:101,1
DA:102,1
DA:103,6
DA:105,1
DA:106,3
DA:108,1
DA:109,3
DA:124,1
DA:133,1
DA:134,2
DA:135,2
DA:136,2
DA:138,2
DA:139,2
DA:141,2
DA:142,2
DA:144,1
DA:145,1
DA:146,1
DA:147,3
DA:148,2
DA:151,1
DA:152,1
DA:153,2
DA:154,1
DA:155,3
DA:157,1
DA:158,3
DA:160,1
DA:161,3
DA:163,1
DA:164,3
DA:174,1
DA:176,1
DA:177,2
DA:178,2
DA:181,1
DA:182,1
DA:183,2
DA:184,2
DA:192,1
DA:194,1
DA:195,2
DA:198,1
DA:199,1
DA:200,2
DA:209,1
DA:211,1
DA:212,2
DA:213,2
DA:216,1
DA:217,1
DA:218,2
DA:219,2
DA:228,1
DA:230,1
DA:231,2
DA:232,2
DA:235,1
DA:236,1
DA:237,2
DA:238,2
LF:109
LH:104
end_of_record
SF:lib/provider/direction_notifier.dart
DA:23,1
DA:24,1
DA:25,1
DA:28,1
DA:29,1
DA:30,1
DA:33,1
DA:34,1
DA:37,1
DA:38,2
DA:39,1
DA:40,2
DA:41,0
DA:42,0
DA:44,2
DA:45,3
DA:47,0
DA:48,0
DA:49,0
DA:50,0
DA:51,0
DA:54,1
DA:56,2
DA:57,2
DA:58,2
DA:59,2
DA:60,1
DA:61,1
DA:62,1
DA:65,0
DA:66,0
DA:67,0
DA:69,0
DA:70,0
DA:71,0
DA:72,0
DA:73,0
DA:74,0
DA:75,0
DA:76,0
DA:81,0
DA:82,0
DA:83,0
DA:90,0
DA:91,0
DA:92,0
DA:93,0
DA:94,0
DA:95,0
DA:96,0
DA:97,0
DA:99,0
DA:100,0
DA:101,0
DA:108,0
DA:109,0
DA:110,0
DA:112,0
DA:113,0
DA:115,0
DA:116,0
DA:117,0
DA:118,0
DA:119,0
DA:121,0
DA:122,0
DA:129,0
DA:130,0
DA:131,0
DA:132,0
DA:133,0
DA:134,0
DA:135,0
DA:136,0
DA:137,0
DA:142,0
DA:143,0
DA:144,0
DA:147,0
DA:148,0
DA:156,1
DA:157,1
DA:160,3
DA:161,6
DA:162,0
DA:164,3
DA:167,2
DA:168,4
DA:169,0
DA:171,6
DA:174,1
DA:175,1
DA:178,1
DA:179,2
DA:180,2
DA:181,1
DA:182,1
DA:183,1
DA:184,1
LF:99
LH:39
end_of_record
SF:lib/service/map_direction.dart
DA:10,1
DA:12,2
DA:19,1
DA:20,3
DA:22,0
DA:23,0
DA:25,0
LF:7
LH:4
end_of_record
SF:lib/service/map_helper.dart
DA:14,1
DA:15,1
DA:16,1
DA:17,1
DA:18,1
DA:20,1
DA:21,3
DA:25,2
DA:28,1
DA:29,1
DA:30,2
DA:31,2
DA:32,2
DA:33,2
DA:37,2
DA:40,2
DA:41,2
DA:42,4
DA:43,4
DA:44,4
DA:45,4
DA:49,4
DA:52,2
DA:53,2
DA:55,4
DA:57,2
DA:58,2
DA:60,6
DA:61,6
DA:62,5
DA:63,6
DA:66,6
DA:69,1
DA:70,1
DA:71,4
DA:72,1
DA:73,4
DA:74,1
DA:77,2
DA:78,2
DA:82,2
DA:83,2
DA:87,1
DA:88,1
DA:89,2
DA:90,1
DA:91,2
DA:92,1
DA:96,1
DA:98,1
DA:99,7
DA:100,4
DA:101,4
DA:102,7
DA:104,3
LF:55
LH:55
end_of_record
SF:lib/main.dart
DA:7,0
DA:10,2
DA:12,2
DA:15,4
DA:16,2
DA:17,4
DA:19,6
DA:20,2
LF:8
LH:7
end_of_record
SF:lib/widget/drawer.dart
DA:8,2
DA:9,2
DA:15,1
DA:16,1
DA:19,2
DA:20,2
DA:21,2
DA:22,2
DA:23,2
DA:24,2
DA:25,2
DA:26,2
DA:31,2
DA:32,2
DA:34,2
DA:35,2
DA:37,2
DA:38,2
DA:39,2
DA:40,2
DA:41,2
DA:42,2
DA:43,2
DA:47,2
DA:49,2
DA:53,2
DA:54,2
DA:55,2
DA:56,0
DA:58,0
DA:61,2
DA:62,2
DA:63,2
DA:64,1
DA:66,1
DA:68,1
DA:69,2
DA:70,2
DA:71,1
DA:74,2
DA:75,2
DA:76,2
DA:77,0
DA:79,0
DA:82,2
DA:85,2
DA:86,2
DA:87,2
DA:88,0
DA:90,0
DA:93,2
DA:94,2
DA:95,2
DA:96,0
DA:98,0
DA:101,2
DA:111,2
DA:112,4
DA:113,2
DA:115,2
DA:116,2
DA:117,1
DA:118,2
DA:119,1
DA:125,1
DA:126,1
DA:137,1
DA:138,1
DA:139,1
DA:140,1
DA:141,1
DA:142,1
DA:143,1
DA:144,2
DA:148,1
DA:149,0
DA:150,1
DA:152,0
DA:154,0
LF:79
LH:68
end_of_record
SF:lib/widget/search/main_search_bar.dart
DA:14,2
DA:16,2
DA:18,2
DA:23,2
DA:25,2
DA:28,2
DA:30,2
DA:31,2
DA:32,4
DA:33,2
DA:34,2
DA:36,8
DA:38,2
DA:39,2
DA:40,2
DA:41,2
DA:43,2
DA:44,2
DA:45,2
DA:46,2
DA:48,2
DA:49,3
DA:52,2
DA:53,2
DA:58,2
DA:60,2
DA:62,1
DA:63,1
DA:65,1
DA:66,0
DA:67,0
DA:71,2
DA:73,2
DA:74,4
DA:77,2
DA:79,2
DA:80,1
DA:81,2
DA:82,1
DA:83,1
DA:85,0
DA:86,0
DA:107,2
DA:110,2
DA:112,2
DA:113,2
DA:115,2
DA:117,2
DA:118,2
DA:123,2
DA:125,2
DA:126,2
DA:127,2
DA:128,0
DA:129,0
DA:137,2
DA:140,8
DA:142,2
DA:143,0
DA:144,0
DA:145,0
DA:146,0
DA:147,0
DA:148,0
DA:149,0
DA:150,0
DA:154,0
DA:155,0
DA:156,0
DA:157,0
DA:158,0
DA:160,0
DA:161,0
DA:167,2
DA:171,3
DA:175,1
DA:177,3
DA:178,2
DA:179,0
DA:181,1
DA:182,2
DA:184,1
DA:185,0
DA:187,1
DA:189,1
DA:190,1
DA:191,0
DA:192,0
DA:193,0
DA:194,0
DA:195,0
DA:196,0
DA:200,0
DA:201,0
DA:202,0
DA:203,0
DA:204,0
DA:206,0
DA:207,0
DA:213,1
DA:222,0
DA:224,0
DA:225,0
DA:226,0
DA:227,0
DA:228,0
DA:230,0
DA:231,0
DA:232,0
DA:233,0
DA:238,0
DA:239,0
DA:240,0
DA:241,0
DA:242,0
DA:244,0
DA:246,0
DA:247,0
DA:254,0
DA:258,1
DA:259,1
DA:260,3
DA:262,1
DA:264,1
DA:268,1
DA:269,1
DA:270,5
DA:271,1
DA:281,2
DA:282,3
DA:286,0
DA:287,0
DA:289,0
DA:290,0
DA:293,0
DA:294,0
DA:296,0
DA:297,0
DA:298,0
DA:299,0
DA:303,0
DA:304,0
DA:306,0
DA:307,0
DA:308,0
DA:309,0
DA:313,0
DA:314,0
DA:316,0
DA:317,0
DA:321,0
DA:327,0
DA:328,0
DA:329,0
DA:333,0
DA:338,0
DA:339,0
DA:340,0
DA:350,0
DA:351,0
DA:354,0
DA:357,0
DA:358,0
DA:359,0
DA:361,0
DA:362,0
DA:363,0
DA:365,0
LF:168
LH:75
end_of_record
SF:lib/data/building_list.dart
DA:5,9
DA:7,3
DA:8,6
DA:9,6
DA:11,3
DA:12,6
DA:13,6
DA:15,3
DA:16,6
DA:17,6
DA:19,3
DA:20,6
DA:21,6
DA:23,3
DA:24,6
DA:25,6
DA:28,3
DA:30,6
DA:31,6
DA:33,3
DA:34,6
DA:35,6
DA:37,3
DA:38,6
DA:39,6
DA:41,3
DA:42,6
DA:43,6
DA:45,3
DA:46,6
DA:47,6
DA:49,3
DA:50,6
DA:51,6
DA:53,3
DA:54,6
DA:55,6
LF:37
LH:37
end_of_record
SF:lib/model/building.dart
DA:13,4
DA:14,4
DA:15,4
DA:18,6
DA:19,2
DA:20,4
DA:21,8
DA:23,2
DA:24,0
DA:26,4
DA:27,12
DA:33,1
DA:35,0
DA:36,1
DA:37,3
DA:38,3
DA:39,3
DA:40,0
DA:46,2
DA:49,1
DA:50,2
DA:51,1
DA:52,0
DA:54,2
DA:57,1
DA:58,2
DA:59,3
DA:63,2
DA:66,4
DA:68,2
DA:69,3
DA:73,3
LF:32
LH:28
end_of_record
SF:lib/data/building_singleton.dart
DA:11,9
DA:18,0
DA:19,0
DA:21,3
DA:22,3
DA:25,3
DA:26,6
DA:27,9
DA:30,4
DA:32,0
DA:33,0
DA:34,0
DA:38,1
DA:39,1
DA:40,3
DA:41,3
DA:42,2
DA:43,2
DA:48,2
DA:50,6
DA:51,2
DA:53,2
DA:57,4
DA:58,4
DA:61,4
DA:62,4
DA:63,2
DA:71,3
DA:73,9
DA:74,3
DA:75,3
DA:76,6
DA:77,3
DA:78,6
DA:79,3
DA:80,6
DA:81,3
DA:82,12
DA:83,3
DA:84,6
DA:86,12
DA:88,3
DA:99,0
DA:101,0
DA:102,0
DA:103,0
DA:104,0
DA:105,0
DA:106,0
DA:108,0
DA:109,0
DA:110,0
DA:111,0
DA:118,3
DA:120,3
DA:121,3
DA:124,3
DA:125,3
DA:130,3
DA:131,3
DA:134,3
DA:135,3
DA:140,3
DA:141,3
DA:144,3
DA:145,3
DA:150,3
DA:151,3
DA:154,3
DA:155,3
DA:158,3
DA:159,3
DA:164,3
DA:165,3
DA:168,3
DA:169,3
DA:172,3
DA:173,3
DA:178,3
DA:179,3
DA:182,3
DA:183,3
DA:188,3
DA:189,3
DA:192,3
DA:193,3
DA:198,3
DA:199,3
DA:203,3
DA:204,3
DA:207,3
DA:208,3
DA:211,3
DA:212,3
DA:215,3
DA:216,3
DA:219,3
DA:220,3
DA:225,3
DA:226,3
DA:229,3
DA:230,3
DA:233,3
DA:234,3
DA:239,3
DA:240,3
DA:243,3
DA:244,3
DA:247,3
DA:248,3
DA:251,3
DA:252,3
DA:257,3
DA:258,3
DA:263,3
DA:264,3
DA:267,3
DA:268,3
DA:271,3
DA:272,3
DA:277,3
DA:278,3
DA:281,3
DA:282,3
DA:285,3
DA:286,3
DA:289,3
DA:290,3
DA:293,3
DA:294,3
DA:299,3
DA:300,3
DA:303,3
DA:304,3
DA:307,3
DA:308,3
DA:313,3
DA:314,3
DA:315,3
DA:316,3
DA:317,3
DA:318,3
DA:319,3
DA:320,3
DA:321,3
DA:322,3
DA:323,3
DA:324,3
DA:325,3
DA:326,3
DA:327,3
DA:328,3
DA:329,3
DA:331,3
DA:332,3
DA:333,3
DA:334,3
DA:335,3
DA:336,3
DA:337,3
DA:338,3
DA:339,3
DA:340,3
DA:341,3
DA:342,3
DA:343,3
DA:344,3
DA:345,3
DA:346,3
DA:347,3
DA:348,3
DA:349,3
DA:350,3
DA:351,3
DA:352,3
DA:353,3
DA:354,3
DA:356,3
DA:357,3
DA:360,3
DA:361,3
DA:364,3
DA:365,3
DA:368,3
DA:369,3
DA:372,3
DA:373,3
DA:376,3
DA:377,3
DA:380,3
DA:381,3
DA:384,3
DA:385,3
DA:388,3
DA:389,3
DA:392,3
DA:393,3
DA:396,3
DA:397,3
DA:400,3
DA:401,3
DA:404,3
DA:405,3
DA:408,3
DA:409,3
DA:412,3
DA:413,3
DA:416,3
DA:417,3
DA:420,3
DA:421,3
DA:424,3
DA:425,3
DA:428,3
DA:429,3
DA:432,3
DA:433,3
DA:436,3
DA:437,3
DA:440,3
DA:441,3
DA:444,3
DA:445,3
DA:448,3
DA:449,3
DA:452,3
DA:453,3
DA:456,3
DA:457,3
DA:460,6
DA:463,3
DA:464,3
DA:467,3
DA:468,3
DA:471,3
DA:472,3
DA:475,6
DA:476,3
DA:479,6
DA:480,3
DA:483,9
DA:531,3
DA:532,3
DA:534,3
DA:536,6
DA:539,6
DA:542,9
DA:571,3
LF:248
LH:232
end_of_record
SF:lib/model/floor.dart
DA:12,5
DA:13,5
DA:14,5
DA:17,8
DA:18,6
DA:19,0
DA:21,0
DA:22,4
DA:25,2
DA:26,2
DA:27,6
DA:28,4
DA:29,4
DA:30,2
DA:39,2
DA:41,2
DA:43,4
DA:45,2
DA:47,4
DA:48,4
DA:52,2
DA:53,2
DA:59,2
DA:72,2
DA:74,2
DA:75,2
DA:76,2
DA:78,2
DA:80,2
DA:88,2
DA:94,2
DA:95,2
DA:96,4
DA:98,2
DA:103,4
DA:104,2
DA:105,4
DA:108,2
DA:109,2
DA:112,2
DA:116,2
DA:120,2
DA:121,12
DA:126,6
DA:127,2
DA:129,4
DA:133,2
DA:134,2
DA:135,4
DA:136,6
LF:50
LH:48
end_of_record
SF:lib/provider/map_notifier.dart
DA:11,2
DA:12,2
DA:20,1
DA:21,1
DA:22,1
DA:25,1
DA:26,1
DA:27,1
DA:30,1
DA:31,1
DA:32,1
DA:35,1
DA:36,1
DA:37,1
DA:39,0
DA:41,1
DA:44,2
DA:45,2
DA:46,2
DA:50,0
DA:56,0
DA:61,0
DA:63,0
DA:64,0
DA:65,0
DA:67,1
DA:68,3
DA:69,0
DA:73,0
LF:29
LH:20
end_of_record
SF:lib/view/home_page.dart
DA:7,2
DA:9,2
DA:14,2
DA:16,2
DA:17,4
DA:20,2
DA:22,2
DA:23,4
LF:8
LH:8
end_of_record
SF:lib/model/path.dart
DA:9,3
DA:10,6
DA:11,12
DA:12,18
DA:16,2
DA:18,3
DA:19,3
DA:21,12
DA:22,6
DA:26,6
DA:32,1
DA:33,2
DA:34,1
DA:42,3
DA:44,6
DA:45,6
DA:50,1
DA:51,1
DA:52,1
DA:53,2
DA:54,2
DA:56,1
DA:57,2
DA:62,1
DA:63,1
DA:66,2
DA:68,2
DA:69,4
DA:70,4
DA:72,2
LF:30
LH:30
end_of_record
SF:lib/model/list_item.dart
DA:8,1
DA:15,1
LF:2
LH:2
end_of_record
SF:lib/model/segment.dart
DA:9,4
DA:11,6
DA:12,6
DA:14,2
DA:18,4
DA:19,4
DA:20,10
DA:21,4
DA:22,4
DA:29,4
DA:30,12
DA:31,12
DA:32,12
DA:33,12
DA:34,4
DA:35,44
DA:38,12
DA:40,0
DA:41,0
LF:19
LH:17
end_of_record
SF:lib/service/marker_helper.dart
DA:19,2
DA:20,2
DA:23,2
DA:24,6
DA:25,2
DA:27,6
DA:28,2
DA:29,6
DA:30,2
DA:32,6
DA:33,2
DA:35,6
DA:36,2
DA:38,6
DA:39,2
DA:41,6
DA:42,2
DA:43,6
DA:44,2
DA:46,2
DA:47,2
DA:50,2
DA:51,8
DA:54,2
DA:56,2
DA:57,2
DA:58,2
DA:59,2
DA:60,2
DA:61,2
DA:62,2
DA:63,2
DA:64,2
DA:65,2
DA:67,2
DA:70,2
DA:71,6
DA:72,4
DA:74,4
DA:75,2
DA:76,2
DA:77,6
DA:78,4
DA:80,4
DA:81,2
DA:86,0
DA:87,0
DA:90,0
DA:91,0
DA:92,0
DA:93,0
DA:94,0
DA:95,0
DA:97,0
DA:98,0
DA:99,0
DA:100,0
DA:101,0
DA:103,0
DA:104,0
DA:105,0
DA:106,0
DA:107,0
DA:108,0
DA:109,0
DA:112,0
DA:113,0
DA:114,0
DA:115,0
DA:116,0
DA:119,0
DA:120,0
DA:121,0
DA:122,0
LF:74
LH:45
end_of_record
SF:lib/service/polygon_helper.dart
DA:8,3
DA:9,9
DA:10,9
DA:13,1
DA:14,3
LF:5
LH:5
end_of_record
SF:lib/service/shuttle_schedule.dart
DA:15,2
DA:17,2
DA:18,6
DA:19,6
DA:20,6
DA:21,6
DA:22,6
DA:23,6
DA:24,6
DA:25,6
DA:26,6
DA:27,6
DA:28,6
DA:29,6
DA:30,6
DA:31,6
DA:32,6
DA:33,6
DA:34,6
DA:35,6
DA:36,6
DA:37,6
DA:38,6
DA:39,6
DA:40,6
DA:41,6
DA:42,6
DA:43,6
DA:44,6
DA:45,6
DA:46,6
DA:47,6
DA:48,6
DA:49,6
DA:50,6
DA:51,6
DA:52,6
DA:53,6
DA:55,6
DA:56,6
DA:57,6
DA:58,6
DA:59,6
DA:60,6
DA:61,6
DA:62,6
DA:63,6
DA:64,6
DA:65,6
DA:66,6
DA:67,6
DA:68,6
DA:69,6
DA:70,6
DA:71,6
DA:72,6
DA:73,6
DA:74,6
DA:75,6
DA:76,6
DA:77,6
DA:78,6
DA:79,6
DA:80,6
DA:81,6
DA:83,6
DA:86,2
DA:87,6
DA:88,6
DA:89,6
DA:90,6
DA:91,6
DA:92,6
DA:93,6
DA:94,6
DA:95,6
DA:96,6
DA:97,6
DA:98,6
DA:99,6
DA:100,6
DA:101,6
DA:102,6
DA:103,6
DA:104,6
DA:105,6
DA:106,6
DA:107,6
DA:108,6
DA:109,6
DA:110,6
DA:111,6
DA:112,6
DA:113,6
DA:114,6
DA:115,6
DA:116,6
DA:117,6
DA:118,6
DA:119,6
DA:120,6
DA:121,6
DA:122,6
DA:123,6
DA:125,6
DA:126,6
DA:127,6
DA:128,6
DA:129,6
DA:130,6
DA:131,6
DA:132,6
DA:133,6
DA:134,6
DA:135,6
DA:136,6
DA:137,6
DA:138,6
DA:139,6
DA:140,6
DA:141,6
DA:142,6
DA:143,6
DA:144,6
DA:145,6
DA:146,6
DA:147,6
DA:148,6
DA:149,6
DA:150,6
DA:151,6
DA:153,6
DA:157,2
DA:158,8
DA:159,1
DA:161,2
DA:163,4
DA:164,4
DA:165,10
DA:166,10
DA:167,4
DA:169,10
DA:170,2
DA:173,2
DA:175,2
DA:178,12
DA:179,3
DA:180,0
DA:182,1
DA:184,4
DA:185,6
DA:186,2
DA:188,0
DA:190,2
DA:191,6
DA:192,0
DA:194,1
DA:200,2
DA:203,4
DA:204,8
DA:205,8
DA:206,8
DA:207,4
DA:208,6
DA:209,10
DA:210,2
DA:212,4
DA:215,2
DA:219,2
DA:220,2
DA:221,12
DA:222,2
DA:224,2
DA:227,2
DA:228,4
DA:229,4
DA:230,4
DA:231,6
LF:178
LH:175
end_of_record
SF:lib/view/goto_page.dart
DA:13,1
DA:18,1
DA:19,1
DA:27,1
DA:29,1
DA:30,5
DA:31,3
DA:32,3
DA:35,1
DA:36,1
DA:37,1
DA:38,1
DA:39,1
DA:40,1
DA:41,4
DA:42,1
DA:43,1
DA:44,1
DA:45,1
DA:46,1
DA:48,1
DA:49,0
DA:50,1
DA:53,1
DA:55,1
DA:56,1
DA:58,1
DA:59,1
DA:60,1
DA:61,1
DA:64,1
DA:65,2
DA:67,1
DA:70,1
DA:71,1
DA:73,1
DA:74,0
DA:75,0
DA:76,0
DA:78,0
DA:84,1
DA:85,1
DA:86,1
DA:87,1
DA:90,1
DA:91,2
DA:93,1
DA:96,1
DA:97,1
DA:99,1
DA:100,0
DA:101,0
DA:102,0
DA:104,0
DA:113,1
DA:115,1
DA:116,1
DA:117,1
DA:118,2
DA:119,1
DA:120,2
DA:121,1
DA:128,1
DA:130,1
DA:131,2
DA:132,1
DA:133,1
DA:134,1
DA:139,1
DA:140,1
DA:141,1
DA:143,4
DA:145,1
DA:147,1
DA:148,2
DA:152,1
DA:154,1
DA:155,1
DA:157,4
DA:159,1
DA:161,1
DA:162,2
DA:166,1
DA:168,1
DA:169,1
DA:171,4
DA:173,1
DA:175,1
DA:176,2
DA:180,1
DA:182,1
DA:183,1
DA:185,4
DA:187,1
DA:189,1
DA:190,2
DA:194,1
DA:196,1
DA:197,1
DA:199,4
DA:201,1
DA:203,1
DA:204,2
DA:208,1
DA:211,1
DA:212,1
DA:213,2
DA:214,2
DA:221,2
DA:226,1
DA:228,1
DA:232,1
DA:238,1
DA:241,1
DA:242,1
DA:243,1
DA:244,0
DA:245,0
DA:246,0
DA:247,0
DA:248,0
DA:249,0
DA:250,0
DA:256,0
DA:257,0
DA:259,0
DA:261,0
DA:263,0
LF:128
LH:107
end_of_record
SF:lib/widget/map.dart
DA:24,2
DA:26,2
DA:44,2
DA:46,2
DA:47,6
DA:48,4
DA:49,4
DA:50,6
DA:51,2
DA:53,2
DA:54,6
DA:55,0
DA:56,0
DA:57,0
DA:58,0
DA:64,2
DA:66,2
DA:67,4
DA:69,2
DA:72,2
DA:74,2
DA:76,2
DA:77,6
DA:79,2
DA:80,6
DA:83,2
DA:84,2
DA:85,2
DA:86,2
DA:97,2
DA:98,2
DA:99,2
DA:100,2
DA:101,0
DA:102,0
DA:104,0
DA:105,0
DA:106,0
DA:107,0
DA:108,0
DA:109,0
DA:110,0
DA:111,0
DA:113,0
DA:114,0
DA:116,0
DA:119,2
DA:120,8
DA:121,8
DA:122,2
DA:125,2
DA:126,2
DA:128,0
DA:129,0
DA:134,2
DA:136,2
DA:139,2
DA:141,0
DA:142,0
DA:144,0
DA:145,0
DA:146,0
DA:147,0
DA:148,0
DA:149,0
DA:152,0
DA:161,2
DA:165,2
DA:166,0
DA:167,0
DA:168,0
DA:170,2
DA:171,0
DA:172,0
DA:174,2
DA:175,0
DA:176,0
DA:177,0
DA:178,0
DA:179,0
DA:180,0
DA:181,0
DA:182,0
DA:188,0
DA:189,0
DA:190,0
DA:191,0
DA:192,0
DA:193,0
DA:195,0
DA:198,0
DA:199,0
DA:200,0
DA:201,0
DA:202,0
DA:203,0
DA:205,0
DA:206,0
DA:210,0
DA:211,0
DA:212,0
DA:213,0
DA:214,0
DA:215,0
DA:218,0
DA:219,0
DA:220,0
DA:221,0
DA:223,0
DA:224,0
DA:225,0
DA:226,0
DA:227,0
DA:228,0
DA:231,0
DA:232,0
DA:233,0
DA:234,0
DA:236,0
DA:239,0
DA:245,0
DA:246,0
DA:247,0
DA:248,0
DA:250,0
DA:252,0
DA:255,0
DA:258,0
DA:264,0
DA:265,0
DA:266,0
DA:267,0
DA:268,0
DA:270,0
DA:271,0
DA:272,0
DA:274,0
DA:278,0
DA:280,0
DA:281,0
DA:282,0
DA:284,0
DA:287,0
DA:288,0
DA:289,0
DA:292,0
DA:294,0
DA:295,0
DA:298,0
DA:301,0
DA:307,0
DA:308,0
DA:310,0
DA:312,0
DA:315,0
DA:317,0
DA:319,0
LF:157
LH:42
end_of_record
SF:lib/view/shuttle_page.dart
DA:8,2
DA:10,2
DA:13,6
DA:14,2
DA:15,2
DA:17,4
DA:18,6
DA:19,10
DA:20,1
DA:21,1
DA:22,1
DA:23,1
DA:24,1
DA:25,1
DA:26,1
DA:27,1
DA:28,1
DA:29,1
DA:30,1
DA:31,1
DA:33,2
DA:34,2
DA:35,2
DA:36,2
DA:37,2
DA:38,2
DA:39,2
DA:40,2
DA:41,2
DA:42,2
DA:43,2
DA:44,2
DA:46,2
DA:47,2
DA:48,4
DA:49,2
DA:50,2
DA:51,2
DA:52,2
DA:53,2
DA:54,4
DA:56,2
DA:57,2
DA:58,2
DA:59,2
DA:60,2
DA:61,2
DA:64,2
DA:65,2
DA:66,4
DA:67,2
DA:72,2
DA:73,4
DA:74,1
DA:75,1
DA:76,1
DA:77,1
DA:78,1
DA:79,2
DA:81,1
DA:82,1
DA:83,1
DA:84,1
DA:85,1
DA:86,1
DA:89,1
DA:90,1
DA:91,2
DA:92,1
DA:98,2
DA:100,2
DA:101,2
DA:102,2
DA:104,2
DA:105,2
DA:106,2
DA:109,2
DA:114,2
LF:78
LH:78
end_of_record
SF:lib/widget/svg_floor_plan/floor_selector_enter_building_column.dart
DA:8,2
DA:10,2
DA:12,2
DA:18,2
DA:19,2
DA:20,2
DA:21,4
DA:22,4
DA:25,2
DA:26,4
DA:27,2
DA:28,2
DA:29,2
DA:30,2
DA:33,2
DA:34,2
DA:38,2
DA:39,2
DA:40,2
DA:42,2
DA:43,2
DA:45,2
DA:46,2
DA:50,2
DA:52,2
DA:53,4
DA:54,4
DA:57,0
DA:58,0
DA:59,0
DA:60,0
DA:61,0
DA:69,2
LF:33
LH:28
end_of_record
