SF:lib\models\building.dart
DA:15,0
DA:16,0
DA:17,0
DA:18,0
DA:19,0
DA:22,0
DA:23,0
DA:26,0
DA:27,0
DA:30,0
DA:31,0
DA:34,0
DA:35,0
DA:39,0
LF:14
LH:0
end_of_record
SF:lib\main.dart
DA:7,0
DA:10,2
DA:12,2
DA:14,2
DA:15,2
DA:16,4
LF:6
LH:5
end_of_record
SF:lib\views\go_to_page.dart
DA:10,0
DA:12,0
DA:13,0
DA:28,0
DA:30,0
DA:32,0
DA:33,0
DA:34,0
DA:35,0
DA:37,0
DA:42,0
DA:43,0
DA:44,0
DA:45,0
DA:46,0
DA:47,0
DA:49,0
DA:50,0
DA:51,0
DA:53,0
DA:55,0
DA:60,0
DA:62,0
DA:63,0
DA:64,0
DA:69,0
DA:71,0
DA:73,0
DA:74,0
DA:77,0
DA:79,0
DA:80,0
DA:81,0
DA:83,0
DA:84,0
DA:85,0
DA:86,0
DA:91,0
DA:92,0
DA:94,0
DA:95,0
DA:96,0
DA:97,0
DA:103,0
DA:104,0
DA:105,0
DA:106,0
DA:113,0
DA:114,0
DA:115,0
DA:116,0
DA:117,0
DA:119,0
DA:120,0
DA:123,0
DA:128,0
DA:130,0
DA:132,0
DA:133,0
DA:135,0
DA:137,0
DA:138,0
DA:139,0
DA:141,0
DA:142,0
DA:143,0
DA:144,0
DA:149,0
DA:150,0
DA:152,0
DA:153,0
DA:154,0
DA:156,0
DA:161,0
DA:162,0
DA:163,0
DA:164,0
DA:170,0
DA:171,0
DA:175,0
DA:176,0
DA:178,0
DA:181,0
DA:182,0
DA:183,0
DA:186,0
DA:187,0
DA:188,0
LF:88
LH:0
end_of_record
SF:lib\provider\map_notifier.dart
DA:8,0
DA:9,0
DA:10,0
DA:13,0
DA:14,0
DA:15,0
DA:18,0
DA:19,0
DA:20,0
LF:9
LH:0
end_of_record
SF:lib\views\home_page.dart
DA:17,2
DA:19,2
DA:31,2
DA:34,2
DA:36,2
DA:37,6
DA:40,2
DA:41,2
DA:42,2
DA:44,2
DA:45,2
DA:55,2
DA:56,0
DA:57,0
DA:59,0
DA:60,0
DA:61,0
DA:62,0
DA:63,0
DA:64,0
DA:66,0
DA:67,0
DA:69,0
DA:70,0
DA:72,0
DA:76,2
DA:77,0
DA:78,0
DA:79,0
DA:80,2
DA:81,2
DA:82,0
DA:83,0
DA:84,0
DA:88,2
DA:90,2
DA:93,2
DA:94,2
DA:96,0
DA:97,0
DA:100,2
DA:102,2
DA:104,2
DA:107,2
DA:109,0
DA:110,0
DA:112,0
DA:113,0
DA:114,0
DA:115,0
DA:116,0
DA:122,2
DA:124,2
DA:129,2
DA:131,2
DA:132,6
DA:134,2
DA:135,2
DA:136,2
DA:137,6
DA:138,0
DA:139,0
DA:140,0
DA:141,0
DA:147,2
DA:149,2
DA:150,4
DA:152,2
DA:155,2
DA:157,6
DA:158,0
DA:159,0
DA:160,0
DA:161,0
DA:162,0
DA:163,0
DA:164,0
DA:167,0
DA:169,0
DA:173,0
DA:174,0
DA:175,0
DA:176,0
DA:177,0
DA:180,0
DA:181,0
DA:182,0
DA:183,0
DA:186,0
DA:187,0
DA:190,0
DA:191,0
DA:194,0
DA:197,0
DA:198,0
DA:199,0
DA:200,0
DA:201,0
DA:204,0
DA:205,0
DA:207,0
DA:211,0
DA:212,0
LF:103
LH:38
end_of_record
SF:lib\models\database.dart
DA:19,0
DA:21,0
DA:22,0
DA:23,0
DA:24,0
DA:25,0
DA:26,0
DA:27,0
DA:31,0
DA:32,0
DA:35,0
DA:36,0
DA:39,0
DA:40,0
DA:43,0
DA:44,0
DA:47,0
DA:48,0
DA:51,0
DA:52,0
DA:55,0
DA:56,0
DA:61,0
DA:87,0
LF:24
LH:0
end_of_record
SF:lib\models\room.dart
DA:16,0
DA:17,0
DA:18,0
DA:19,0
DA:20,0
DA:23,0
DA:24,0
DA:27,0
DA:28,0
DA:31,0
DA:32,0
DA:35,0
DA:36,0
DA:39,0
DA:40,0
DA:44,0
DA:55,0
LF:17
LH:0
end_of_record
SF:lib\services\map_helper.dart
DA:4,0
DA:5,0
DA:7,0
DA:10,0
DA:11,0
DA:12,0
DA:13,0
DA:14,0
DA:15,0
DA:18,0
DA:21,0
DA:22,0
DA:24,0
DA:26,0
DA:27,0
DA:29,0
DA:30,0
DA:31,0
DA:32,0
DA:35,0
LF:20
LH:0
end_of_record
SF:lib\widgets\search\building_manager.dart
DA:10,0
DA:12,0
DA:14,0
DA:19,0
DA:21,0
DA:27,0
DA:29,0
DA:31,0
DA:32,0
DA:39,0
DA:41,0
DA:43,0
DA:45,0
DA:46,0
DA:47,0
DA:48,0
DA:49,0
DA:50,0
DA:52,0
DA:53,0
DA:54,0
DA:58,0
DA:59,0
LF:23
LH:0
end_of_record
SF:lib\widgets\search\search_menu.dart
DA:9,0
DA:11,0
DA:13,0
DA:15,0
DA:16,0
DA:17,0
DA:18,0
DA:19,0
DA:20,0
DA:22,0
DA:23,0
DA:24,0
DA:25,0
LF:13
LH:0
end_of_record
SF:lib\widgets\drawer.dart
DA:5,2
DA:6,2
DA:10,2
DA:13,2
DA:14,2
DA:15,4
DA:16,2
DA:17,2
DA:19,2
DA:20,2
DA:21,2
DA:22,2
DA:23,2
DA:24,2
DA:26,4
DA:27,2
DA:30,2
DA:32,2
DA:36,2
DA:37,2
DA:38,2
DA:39,0
DA:43,2
DA:44,2
DA:45,2
DA:46,0
DA:50,2
DA:53,2
DA:54,2
DA:55,2
DA:56,0
DA:60,2
DA:61,2
DA:62,2
DA:63,0
DA:67,2
LF:36
LH:32
end_of_record
SF:lib\widgets\floor_selector_enter_building_column.dart
DA:12,2
DA:16,2
DA:18,2
DA:27,2
DA:29,2
DA:31,2
DA:32,2
DA:33,2
DA:36,2
DA:37,2
DA:41,2
DA:42,2
DA:43,2
DA:45,2
DA:46,2
DA:48,2
DA:49,2
DA:53,2
DA:55,2
DA:56,4
DA:57,4
DA:59,2
DA:60,0
DA:61,0
DA:62,0
DA:63,0
DA:64,0
DA:72,2
DA:73,2
LF:29
LH:24
end_of_record
SF:lib\widgets\search\main_search_bar.dart
DA:14,2
DA:16,2
DA:18,2
DA:24,2
DA:26,2
DA:27,2
DA:28,2
DA:29,10
DA:30,2
DA:31,2
DA:32,2
DA:33,2
DA:34,2
DA:35,2
DA:36,2
DA:37,2
DA:39,2
DA:40,3
DA:43,2
DA:44,2
DA:49,2
DA:51,2
DA:54,0
DA:55,0
DA:57,0
DA:62,2
DA:64,2
DA:65,2
DA:67,2
DA:68,2
DA:69,2
DA:70,1
DA:71,2
DA:72,1
DA:87,0
DA:89,0
DA:91,0
DA:92,0
DA:93,0
DA:94,0
DA:95,0
DA:101,0
DA:104,0
DA:105,0
DA:107,0
DA:109,0
DA:110,0
DA:114,0
DA:116,0
DA:117,0
DA:118,0
DA:119,0
DA:120,0
DA:121,0
DA:122,0
DA:123,0
DA:124,0
DA:125,0
DA:126,0
DA:128,0
DA:129,0
DA:130,0
DA:132,0
DA:133,0
DA:135,0
DA:139,0
LF:66
LH:31
end_of_record
SF:lib\widgets\svg_floor_plans.dart
DA:8,2
DA:10,2
DA:17,2
DA:19,2
DA:21,2
DA:22,2
DA:23,2
DA:25,2
DA:26,2
DA:27,4
DA:28,2
DA:29,2
DA:30,2
DA:36,2
LF:14
LH:14
end_of_record
SF:lib\widgets\custom\custom_fade_indexed_stack.dart
DA:9,2
DA:16,2
DA:18,2
DA:19,2
DA:26,0
DA:28,0
DA:29,0
DA:31,0
DA:34,2
DA:36,8
DA:37,4
DA:38,2
DA:41,2
DA:43,4
DA:44,2
DA:47,2
DA:49,2
DA:50,2
DA:51,2
DA:52,2
DA:53,4
DA:57,2
DA:58,4
DA:59,4
LF:24
LH:20
end_of_record
SF:lib\widgets\enter_building_action_button.dart
DA:10,2
DA:12,2
DA:14,2
DA:16,2
DA:20,2
DA:21,2
DA:22,0
DA:23,2
DA:25,2
LF:9
LH:8
end_of_record
